###==================================================###
###------------------ver.22.07.2015------------------###
timeout 30
default 0
#graphicsmode -1 640:480
#font /unifont.hex.gz
#gfxmenu /penguins_gfx.gz
###==================================================###
title ------- АйТи - Эксперт (Main MENU) -------
lock
find --set-root /HBCD/menu.lst
configfile /HBCD/menu.lst
###------------------ver.22.07.2015------------------###
###==================================================###=
# ================================================================================ #

# ================================================================================ #
#	1	#

title Windows 7 PE Mini x32
find --set-root --ignore-floppies /Metallurg_LiveUSB/LiveOS/win7_pe_x32.iso 
map /Metallurg_LiveUSB/LiveOS/win7_pe_x32.iso (0xff) || map --mem /Metallurg_LiveUSB/LiveOS/win7_pe_x32.iso (0xff) 
map --hook 
chainloader (0xff)

#	1	#

title Windows 7 PE METALLURG x32
find --set-root --ignore-floppies /Metallurg_LiveUSB/LiveOS/win7_pe_x86_metallurg.iso 
map /Metallurg_LiveUSB/LiveOS/win7_pe_x86_metallurg.iso (0xff) || map --mem /Metallurg_LiveUSB/LiveOS/win7_pe_x86_metallurg.iso (0xff) 
map --hook 
chainloader (0xff)
#	1	#

title Windows 8 SergeyStrelec x32-64
find --set-root --ignore-floppies /Metallurg_LiveUSB/LiveOS/win8_pe_x32.iso 
map /Metallurg_LiveUSB/LiveOS/win8_pe_x32.iso (0xff) || map --mem /Metallurg_LiveUSB/LiveOS/win8_pe_x32.iso (0xff) 
map --hook 
chainloader (0xff)
#	1	#

title Windows XP Alkid Live CD
map /Metallurg_LiveUSB/LiveOS/alkid_live_cd.iso (0xff) || map --mem /Metallurg_LiveUSB/LiveOS/alkid_live_cd.iso (0xff)
map --hook
chainloader (0xff)


###==================================================###
###------------------ver.22.07.2015------------------###
title ------- АйТи - Эксперт (Main MENU) -------
lock
find --set-root /HBCD/menu.lst
configfile /HBCD/menu.lst
###------------------ver.22.07.2015------------------###
###==================================================###